2023-07-10 00:01:30,219 INFO  ConfigClusterResolver:43 - [] Resolving eureka endpoints via configuration
2023-07-10 00:02:21,600 INFO  DirectJDKLog:173 - [] Initializing Spring DispatcherServlet 'dispatcherServlet'
2023-07-10 00:02:21,601 INFO  FrameworkServlet:532 - [] Initializing Servlet 'dispatcherServlet'
2023-07-10 00:02:21,605 INFO  FrameworkServlet:554 - [] Completed initialization in 4 ms
2023-07-10 00:06:30,310 INFO  ConfigClusterResolver:43 - [] Resolving eureka endpoints via configuration
2023-07-10 00:11:30,319 INFO  ConfigClusterResolver:43 - [] Resolving eureka endpoints via configuration
2023-07-10 00:16:30,331 INFO  ConfigClusterResolver:43 - [] Resolving eureka endpoints via configuration
2023-07-10 00:21:30,341 INFO  ConfigClusterResolver:43 - [] Resolving eureka endpoints via configuration
2023-07-10 00:21:55,419 INFO  AbstractOpenApiResource:371 - [] Init duration for springdoc-openapi is: 716 ms
2023-07-10 00:26:30,348 INFO  ConfigClusterResolver:43 - [] Resolving eureka endpoints via configuration
2023-07-10 00:31:19,212 INFO  SpringApplicationAdminMXBeanRegistrar$SpringApplicationAdmin:159 - [] Application shutdown requested.
2023-07-10 00:31:19,216 INFO  EurekaServiceRegistry:62 - [] Unregistering application TRAIN-DETAILS with eureka with status DOWN
2023-07-10 00:31:19,216 INFO  DiscoveryClient$3:1296 - [] Saw local status change event StatusChangeEvent [timestamp=1688929279216, current=DOWN, previous=UP]
2023-07-10 00:31:19,217 INFO  DiscoveryClient:817 - [] DiscoveryClient_TRAIN-DETAILS/DESKTOP-2NG49C4:TRAIN-DETAILS:8100: registering service...
2023-07-10 00:31:19,224 INFO  DiscoveryClient:826 - [] DiscoveryClient_TRAIN-DETAILS/DESKTOP-2NG49C4:TRAIN-DETAILS:8100 - registration status: 204
2023-07-10 00:31:19,230 INFO  DirectJDKLog:173 - [] Stopping service [Tomcat]
2023-07-10 00:31:19,231 INFO  DirectJDKLog:173 - [] Destroying Spring FrameworkServlet 'dispatcherServlet'
2023-07-10 00:31:19,242 INFO  DiscoveryClient:879 - [] Shutting down DiscoveryClient ...
2023-07-10 09:40:52,397 INFO  StartupInfoLogger:51 - [] Starting TrainDetailApplication using Java 17.0.6 with PID 5108 (G:\Online Railway Reservation System\Backend\TrainDetail\target\classes started by Rohit in G:\Online Railway Reservation System\Backend\TrainDetail)
2023-07-10 09:40:52,408 INFO  SpringApplication:633 - [] No active profile set, falling back to 1 default profile: "default"
2023-07-10 09:40:52,472 INFO  DeferredLog:250 - [] Devtools property defaults active! Set 'spring.devtools.add-properties' to 'false' to disable
2023-07-10 09:40:52,473 INFO  DeferredLog:250 - [] For additional web related logging consider setting the 'logging.level.web' property to 'DEBUG'
2023-07-10 09:40:53,451 INFO  RepositoryConfigurationDelegate:138 - [] Bootstrapping Spring Data MongoDB repositories in DEFAULT mode.
2023-07-10 09:40:53,604 INFO  RepositoryConfigurationDelegate:208 - [] Finished Spring Data repository scanning in 147 ms. Found 3 MongoDB repository interfaces.
2023-07-10 09:40:53,804 INFO  GenericScope:282 - [] BeanFactory id=6b8c4bf3-50cf-3b4d-bd7d-9be5758e5648
2023-07-10 09:40:54,317 INFO  TomcatWebServer:108 - [] Tomcat initialized with port(s): 8100 (http)
2023-07-10 09:40:54,326 INFO  DirectJDKLog:173 - [] Starting service [Tomcat]
2023-07-10 09:40:54,327 INFO  DirectJDKLog:173 - [] Starting Servlet engine: [Apache Tomcat/10.1.8]
2023-07-10 09:40:54,406 INFO  DirectJDKLog:173 - [] Initializing Spring embedded WebApplicationContext
2023-07-10 09:40:54,407 INFO  ServletWebServerApplicationContext:291 - [] Root WebApplicationContext: initialization completed in 1932 ms
2023-07-10 09:40:54,608 INFO  SLF4JLogger:71 - [] MongoClient with metadata {"driver": {"name": "mongo-java-driver|sync|spring-boot", "version": "4.9.1"}, "os": {"type": "Windows", "name": "Windows 11", "architecture": "amd64", "version": "10.0"}, "platform": "Java/Eclipse Adoptium/17.0.6+10"} created with settings MongoClientSettings{readPreference=primary, writeConcern=WriteConcern{w=null, wTimeout=null ms, journal=null}, retryWrites=true, retryReads=true, readConcern=ReadConcern{level=null}, credential=null, streamFactoryFactory=null, commandListeners=[], codecRegistry=ProvidersCodecRegistry{codecProviders=[ValueCodecProvider{}, BsonValueCodecProvider{}, DBRefCodecProvider{}, DBObjectCodecProvider{}, DocumentCodecProvider{}, CollectionCodecProvider{}, IterableCodecProvider{}, MapCodecProvider{}, GeoJsonCodecProvider{}, GridFSFileCodecProvider{}, Jsr310CodecProvider{}, JsonObjectCodecProvider{}, BsonCodecProvider{}, EnumCodecProvider{}, com.mongodb.client.model.mql.ExpressionCodecProvider@c779937, com.mongodb.Jep395RecordCodecProvider@1f2b19a9]}, loggerSettings=LoggerSettings{maxDocumentLength=1000}, clusterSettings={hosts=[localhost:27017], srvServiceName=mongodb, mode=SINGLE, requiredClusterType=UNKNOWN, requiredReplicaSetName='null', serverSelector='null', clusterListeners='[]', serverSelectionTimeout='30000 ms', localThreshold='30000 ms'}, socketSettings=SocketSettings{connectTimeoutMS=10000, readTimeoutMS=0, receiveBufferSize=0, sendBufferSize=0}, heartbeatSocketSettings=SocketSettings{connectTimeoutMS=10000, readTimeoutMS=10000, receiveBufferSize=0, sendBufferSize=0}, connectionPoolSettings=ConnectionPoolSettings{maxSize=100, minSize=0, maxWaitTimeMS=120000, maxConnectionLifeTimeMS=0, maxConnectionIdleTimeMS=0, maintenanceInitialDelayMS=0, maintenanceFrequencyMS=60000, connectionPoolListeners=[], maxConnecting=2}, serverSettings=ServerSettings{heartbeatFrequencyMS=10000, minHeartbeatFrequencyMS=500, serverListeners='[]', serverMonitorListeners='[]'}, sslSettings=SslSettings{enabled=false, invalidHostNameAllowed=false, context=null}, applicationName='null', compressorList=[], uuidRepresentation=JAVA_LEGACY, serverApi=null, autoEncryptionSettings=null, contextProvider=null}
2023-07-10 09:40:54,623 INFO  SLF4JLogger:71 - [] Monitor thread successfully connected to server with description ServerDescription{address=localhost:27017, type=STANDALONE, state=CONNECTED, ok=true, minWireVersion=0, maxWireVersion=17, maxDocumentSize=16777216, logicalSessionTimeoutMinutes=30, roundTripTimeNanos=27896800}
2023-07-10 09:40:54,773 WARN  OptionalLiveReloadServer:62 - [] Unable to start LiveReload server
2023-07-10 09:40:55,673 INFO  DiscoveryClientOptionalArgsConfiguration:74 - [] Eureka HTTP Client uses RestTemplate.
2023-07-10 09:40:55,862 WARN  LoadBalancerCacheAutoConfiguration$LoadBalancerCaffeineWarnLogger:94 - [] Spring Cloud LoadBalancer is currently working with the default cache. While this cache implementation is useful for development and tests, it's recommended to use Caffeine cache in production.You can switch to using Caffeine cache, by adding it and org.springframework.cache.caffeine.CaffeineCacheManager to the classpath.
2023-07-10 09:40:55,921 INFO  InstanceInfoFactory:67 - [] Setting initial instance status as: STARTING
2023-07-10 09:40:55,956 INFO  DiscoveryClient:327 - [] Initializing Eureka in region us-east-1
2023-07-10 09:40:55,962 INFO  ConfigClusterResolver:43 - [] Resolving eureka endpoints via configuration
2023-07-10 09:40:55,985 INFO  DiscoveryClient:951 - [] Disable delta property : false
2023-07-10 09:40:55,985 INFO  DiscoveryClient:952 - [] Single vip registry refresh property : null
2023-07-10 09:40:55,985 INFO  DiscoveryClient:953 - [] Force full registry fetch : false
2023-07-10 09:40:55,985 INFO  DiscoveryClient:954 - [] Application is null : false
2023-07-10 09:40:55,986 INFO  DiscoveryClient:955 - [] Registered Applications size is zero : true
2023-07-10 09:40:55,986 INFO  DiscoveryClient:957 - [] Application version is -1: true
2023-07-10 09:40:55,986 INFO  DiscoveryClient:1041 - [] Getting all instance registry info from the eureka server
2023-07-10 09:40:56,332 INFO  DiscoveryClient:1050 - [] The response status is 200
2023-07-10 09:40:56,334 INFO  DiscoveryClient:1265 - [] Starting heartbeat executor: renew interval is: 30
2023-07-10 09:40:56,337 INFO  InstanceInfoReplicator:60 - [] InstanceInfoReplicator onDemand update allowed rate per min is 4
2023-07-10 09:40:56,343 INFO  DiscoveryClient:447 - [] Discovery Client initialized at timestamp 1688962256342 with initial instances count: 0
2023-07-10 09:40:56,345 INFO  EurekaServiceRegistry:41 - [] Registering application TRAIN-DETAILS with eureka with status UP
2023-07-10 09:40:56,346 INFO  DiscoveryClient$3:1296 - [] Saw local status change event StatusChangeEvent [timestamp=1688962256346, current=UP, previous=STARTING]
2023-07-10 09:40:56,348 INFO  DiscoveryClient:817 - [] DiscoveryClient_TRAIN-DETAILS/DESKTOP-2NG49C4:TRAIN-DETAILS:8100: registering service...
2023-07-10 09:40:56,377 INFO  TomcatWebServer:220 - [] Tomcat started on port(s): 8100 (http) with context path ''
2023-07-10 09:40:56,378 INFO  EurekaAutoServiceRegistration:144 - [] Updating port to 8100
2023-07-10 09:40:56,401 INFO  DiscoveryClient:826 - [] DiscoveryClient_TRAIN-DETAILS/DESKTOP-2NG49C4:TRAIN-DETAILS:8100 - registration status: 204
2023-07-10 09:40:56,534 INFO  StartupInfoLogger:57 - [] Started TrainDetailApplication in 4.816 seconds (process running for 5.871)
2023-07-10 09:41:26,342 INFO  DiscoveryClient:951 - [] Disable delta property : false
2023-07-10 09:41:26,343 INFO  DiscoveryClient:952 - [] Single vip registry refresh property : null
2023-07-10 09:41:26,344 INFO  DiscoveryClient:953 - [] Force full registry fetch : false
2023-07-10 09:41:26,346 INFO  DiscoveryClient:954 - [] Application is null : false
2023-07-10 09:41:26,347 INFO  DiscoveryClient:955 - [] Registered Applications size is zero : true
2023-07-10 09:41:26,348 INFO  DiscoveryClient:957 - [] Application version is -1: false
2023-07-10 09:41:26,349 INFO  DiscoveryClient:1041 - [] Getting all instance registry info from the eureka server
2023-07-10 09:41:26,375 INFO  DiscoveryClient:1050 - [] The response status is 200
2023-07-10 09:43:13,146 INFO  DirectJDKLog:173 - [] Initializing Spring DispatcherServlet 'dispatcherServlet'
2023-07-10 09:43:13,147 INFO  FrameworkServlet:532 - [] Initializing Servlet 'dispatcherServlet'
2023-07-10 09:43:13,149 INFO  FrameworkServlet:554 - [] Completed initialization in 1 ms
2023-07-10 09:43:39,111 INFO  AbstractOpenApiResource:371 - [] Init duration for springdoc-openapi is: 583 ms
2023-07-10 09:45:55,994 INFO  ConfigClusterResolver:43 - [] Resolving eureka endpoints via configuration
2023-07-10 09:50:50,096 INFO  TrainController:79 - [] [getTrain] method called
2023-07-10 09:50:50,097 DEBUG TrainController:80 - [] [getTrain] method called
2023-07-10 09:50:55,999 INFO  ConfigClusterResolver:43 - [] Resolving eureka endpoints via configuration
2023-07-10 09:55:56,006 INFO  ConfigClusterResolver:43 - [] Resolving eureka endpoints via configuration
2023-07-10 10:00:56,021 INFO  ConfigClusterResolver:43 - [] Resolving eureka endpoints via configuration
2023-07-10 10:05:56,026 INFO  ConfigClusterResolver:43 - [] Resolving eureka endpoints via configuration
2023-07-10 10:10:56,033 INFO  ConfigClusterResolver:43 - [] Resolving eureka endpoints via configuration
2023-07-10 10:11:54,346 WARN  AbstractHandlerExceptionResolver:207 - [] Resolved [com.casestudy.exception.TrainJourneyExistException: Train Journey Already Exist for given Date with given Train Details]
2023-07-10 10:14:06,979 WARN  AbstractHandlerExceptionResolver:207 - [] Resolved [org.springframework.web.bind.MissingServletRequestParameterException: Required request parameter 'trainId' for method parameter type Integer is not present]
2023-07-10 10:15:14,095 WARN  AbstractHandlerExceptionResolver:207 - [] Resolved [org.springframework.web.bind.MissingServletRequestParameterException: Required request parameter 'trainId' for method parameter type Integer is not present]
2023-07-10 10:15:52,722 WARN  AbstractHandlerExceptionResolver:207 - [] Resolved [org.springframework.web.bind.MissingServletRequestParameterException: Required request parameter 'trainId' for method parameter type Integer is not present]
2023-07-10 10:15:56,038 INFO  ConfigClusterResolver:43 - [] Resolving eureka endpoints via configuration
2023-07-10 10:17:05,940 WARN  AbstractHandlerExceptionResolver:207 - [] Resolved [org.springframework.web.bind.MissingServletRequestParameterException: Required request parameter 'trainId' for method parameter type Integer is not present]
2023-07-10 10:20:56,042 INFO  ConfigClusterResolver:43 - [] Resolving eureka endpoints via configuration
2023-07-10 10:25:56,055 INFO  ConfigClusterResolver:43 - [] Resolving eureka endpoints via configuration
2023-07-10 10:30:56,064 INFO  ConfigClusterResolver:43 - [] Resolving eureka endpoints via configuration
2023-07-10 10:35:56,072 INFO  ConfigClusterResolver:43 - [] Resolving eureka endpoints via configuration
2023-07-10 10:40:56,080 INFO  ConfigClusterResolver:43 - [] Resolving eureka endpoints via configuration
2023-07-10 10:41:49,764 INFO  TrainController:79 - [] [getTrain] method called
2023-07-10 10:41:49,767 DEBUG TrainController:80 - [] [getTrain] method called
2023-07-10 10:41:49,855 INFO  TrainController:79 - [] [getTrain] method called
2023-07-10 10:41:49,855 DEBUG TrainController:80 - [] [getTrain] method called
2023-07-10 10:45:56,090 INFO  ConfigClusterResolver:43 - [] Resolving eureka endpoints via configuration
2023-07-10 10:50:56,096 INFO  ConfigClusterResolver:43 - [] Resolving eureka endpoints via configuration
2023-07-10 10:55:56,108 INFO  ConfigClusterResolver:43 - [] Resolving eureka endpoints via configuration
2023-07-10 11:00:56,123 INFO  ConfigClusterResolver:43 - [] Resolving eureka endpoints via configuration
2023-07-10 11:05:56,137 INFO  ConfigClusterResolver:43 - [] Resolving eureka endpoints via configuration
2023-07-10 11:10:56,146 INFO  ConfigClusterResolver:43 - [] Resolving eureka endpoints via configuration
2023-07-10 11:15:56,155 INFO  ConfigClusterResolver:43 - [] Resolving eureka endpoints via configuration
2023-07-10 11:20:56,169 INFO  ConfigClusterResolver:43 - [] Resolving eureka endpoints via configuration
2023-07-10 11:25:56,181 INFO  ConfigClusterResolver:43 - [] Resolving eureka endpoints via configuration
2023-07-10 11:30:56,185 INFO  ConfigClusterResolver:43 - [] Resolving eureka endpoints via configuration
2023-07-10 11:35:56,199 INFO  ConfigClusterResolver:43 - [] Resolving eureka endpoints via configuration
2023-07-10 11:40:56,203 INFO  ConfigClusterResolver:43 - [] Resolving eureka endpoints via configuration
2023-07-10 11:44:21,097 INFO  TrainController:79 - [] [getTrain] method called
2023-07-10 11:44:21,099 DEBUG TrainController:80 - [] [getTrain] method called
2023-07-10 11:45:56,231 INFO  ConfigClusterResolver:43 - [] Resolving eureka endpoints via configuration
2023-07-10 11:50:56,245 INFO  ConfigClusterResolver:43 - [] Resolving eureka endpoints via configuration
2023-07-10 11:55:56,258 INFO  ConfigClusterResolver:43 - [] Resolving eureka endpoints via configuration
2023-07-10 11:57:05,752 INFO  TrainController:79 - [] [getTrain] method called
2023-07-10 11:57:05,753 DEBUG TrainController:80 - [] [getTrain] method called
2023-07-10 12:00:56,270 INFO  ConfigClusterResolver:43 - [] Resolving eureka endpoints via configuration
2023-07-10 12:05:56,278 INFO  ConfigClusterResolver:43 - [] Resolving eureka endpoints via configuration
2023-07-10 12:10:56,295 INFO  ConfigClusterResolver:43 - [] Resolving eureka endpoints via configuration
2023-07-10 12:15:56,313 INFO  ConfigClusterResolver:43 - [] Resolving eureka endpoints via configuration
2023-07-10 12:20:56,322 INFO  ConfigClusterResolver:43 - [] Resolving eureka endpoints via configuration
2023-07-10 12:25:56,336 INFO  ConfigClusterResolver:43 - [] Resolving eureka endpoints via configuration
2023-07-10 12:30:56,341 INFO  ConfigClusterResolver:43 - [] Resolving eureka endpoints via configuration
2023-07-10 12:35:56,351 INFO  ConfigClusterResolver:43 - [] Resolving eureka endpoints via configuration
2023-07-10 12:40:56,364 INFO  ConfigClusterResolver:43 - [] Resolving eureka endpoints via configuration
2023-07-10 12:45:56,373 INFO  ConfigClusterResolver:43 - [] Resolving eureka endpoints via configuration
2023-07-10 12:50:56,387 INFO  ConfigClusterResolver:43 - [] Resolving eureka endpoints via configuration
2023-07-10 12:55:38,220 INFO  SpringApplicationAdminMXBeanRegistrar$SpringApplicationAdmin:159 - [] Application shutdown requested.
2023-07-10 12:55:38,328 INFO  EurekaServiceRegistry:62 - [] Unregistering application TRAIN-DETAILS with eureka with status DOWN
2023-07-10 12:55:38,329 INFO  DiscoveryClient$3:1296 - [] Saw local status change event StatusChangeEvent [timestamp=1688973938329, current=DOWN, previous=UP]
2023-07-10 12:55:38,330 INFO  DiscoveryClient:817 - [] DiscoveryClient_TRAIN-DETAILS/DESKTOP-2NG49C4:TRAIN-DETAILS:8100: registering service...
2023-07-10 12:55:38,345 INFO  DiscoveryClient:826 - [] DiscoveryClient_TRAIN-DETAILS/DESKTOP-2NG49C4:TRAIN-DETAILS:8100 - registration status: 204
2023-07-10 12:55:38,364 INFO  DirectJDKLog:173 - [] Stopping service [Tomcat]
2023-07-10 12:55:38,367 INFO  DirectJDKLog:173 - [] Destroying Spring FrameworkServlet 'dispatcherServlet'
2023-07-10 12:55:38,398 INFO  DiscoveryClient:879 - [] Shutting down DiscoveryClient ...
